[2026-01-09 14:29:31] [INFO] Logger initzialized!
[2026-01-09 14:29:31] [INFO] starting EpxCloudServer...
[2026-01-09 14:29:31] [INFO] loading propeties file
[2026-01-09 14:29:33] [INFO] connected to database succesfully!
[2026-01-09 14:29:33] [INFO] Table is now ready
[2026-01-09 14:29:33] [ERROR] User already exists: epx
[2026-01-09 14:29:33] [INFO] creating HTTP Server ...
[2026-01-09 14:29:33] [INFO] starting HTTP Server ...
[2026-01-09 14:29:33] [INFO] HTTP server started succesfully!
[2026-01-09 14:29:33] [INFO] Context registert: /
[2026-01-09 14:29:33] [INFO] Context registert: /login
[2026-01-09 14:29:33] [INFO] Context registert: /home
[2026-01-09 14:29:33] [INFO] server marked as running!
[2026-01-09 14:30:10] [INFO] hased passwort succesfully
[2026-01-09 14:30:10] [INFO] hased passwort succesfully
[2026-01-09 14:30:11] [INFO] hased passwort succesfully
[2026-01-09 14:30:11] [INFO] hased passwort succesfully
[2026-01-09 14:30:11] [INFO] hased passwort succesfully
[2026-01-09 14:30:11] [INFO] hased passwort succesfully
[2026-01-09 14:30:12] [INFO] hased passwort succesfully
[2026-01-09 14:30:12] [INFO] hased passwort succesfully
[2026-01-09 14:30:12] [INFO] hased passwort succesfully
[2026-01-09 14:30:12] [INFO] hased passwort succesfully
[2026-01-09 14:30:12] [INFO] hased passwort succesfully
