[2026-01-08 16:23:14] [INFO] Logger initzialized!
[2026-01-08 16:23:14] [INFO] starting EpxCloudServer...
[2026-01-08 16:23:14] [INFO] loading propeties file
[2026-01-08 16:23:15] [INFO] connected to database succesfully!
[2026-01-08 16:23:15] [INFO] Table is now ready
[2026-01-08 16:23:16] [ERROR] User already exists: epx
[2026-01-08 16:23:16] [INFO] creating HTTP Server ...
[2026-01-08 16:23:16] [INFO] starting HTTP Server ...
[2026-01-08 16:23:16] [INFO] HTTP server started succesfully!
[2026-01-08 16:23:16] [INFO] Context registert: /
[2026-01-08 16:23:16] [INFO] Context registert: /login
[2026-01-08 16:23:16] [INFO] Context registert: /home
[2026-01-08 16:23:16] [INFO] server marked as running!
[2026-01-08 16:23:35] [INFO] hased passwort succesfully
[2026-01-08 16:23:36] [INFO] hased passwort succesfully
[2026-01-08 16:23:38] [INFO] hased passwort succesfully
[2026-01-08 16:23:39] [INFO] hased passwort succesfully
[2026-01-08 16:23:40] [INFO] hased passwort succesfully
[2026-01-08 16:23:40] [INFO] hased passwort succesfully
[2026-01-08 16:23:40] [INFO] hased passwort succesfully
[2026-01-08 16:23:41] [INFO] hased passwort succesfully
